<?xml version="1.0" encoding="UTF-8"?>
<!-- Generated by org.testng.reporters.JUnitReportReporter -->
<testsuite skipped="0" hostname="gatmayt" name="testng.TestngAnnotationDemo" tests="2" failures="0" timestamp="2022-03-23T21:35:32 IST" time="0.015" errors="0">
  <testcase name="test02" time="0.003" classname="testng.TestngAnnotationDemo"/>
  <system-out/>
  <testcase name="test01" time="0.012" classname="testng.TestngAnnotationDemo"/>
  <system-out/>
</testsuite> <!-- testng.TestngAnnotationDemo -->
