<?xml version="1.0" encoding="UTF-8"?>
<!-- Generated by org.testng.reporters.JUnitReportReporter -->
<testsuite skipped="0" hostname="gatmayt" name="testng.Dashboard" tests="1" failures="0" timestamp="2022-03-21T20:53:20 IST" time="2.557" errors="0">
  <testcase name="check5" time="2.557" classname="testng.Dashboard"/>
  <system-out/>
</testsuite> <!-- testng.Dashboard -->
