<?xml version="1.0" encoding="UTF-8"?>
<!-- Generated by org.testng.reporters.JUnitReportReporter -->
<testsuite skipped="0" hostname="gatmayt" name="testng.ExcelSheetReading" tests="3" failures="0" timestamp="2022-03-23T20:58:32 IST" time="8.689" errors="0">
  <testcase name="m1" time="2.210" classname="testng.ExcelSheetReading"/>
  <system-out/>
  <testcase name="m1" time="4.379" classname="testng.ExcelSheetReading"/>
  <system-out/>
  <testcase name="m1" time="2.100" classname="testng.ExcelSheetReading"/>
  <system-out/>
</testsuite> <!-- testng.ExcelSheetReading -->
