<?xml version="1.0" encoding="UTF-8"?>
<!-- Generated by org.testng.reporters.JUnitReportReporter -->
<testsuite skipped="0" hostname="gatmayt" name="testng.DATAprovider" tests="2" failures="0" timestamp="2022-03-21T20:53:20 IST" time="5.362" errors="0">
  <testcase name="f" time="3.009" classname="testng.DATAprovider"/>
  <system-out/>
  <testcase name="f" time="2.353" classname="testng.DATAprovider"/>
  <system-out/>
</testsuite> <!-- testng.DATAprovider -->
