<?xml version="1.0" encoding="UTF-8"?>
<!-- Generated by org.testng.reporters.JUnitReportReporter -->
<testsuite skipped="0" hostname="gatmayt" name="Dataproviderwidselenium" tests="3" failures="0" timestamp="2022-03-15T21:17:44 IST" time="6.576" errors="0">
  <testcase name="f" time="1.668" classname="Dataproviderwidselenium"/>
  <system-out/>
  <testcase name="f" time="3.230" classname="Dataproviderwidselenium"/>
  <system-out/>
  <testcase name="f" time="1.678" classname="Dataproviderwidselenium"/>
  <system-out/>
</testsuite> <!-- Dataproviderwidselenium -->
