<?xml version="1.0" encoding="UTF-8"?>
<!-- Generated by org.testng.reporters.JUnitReportReporter -->
<testsuite skipped="0" hostname="gatmayt" name="testng.Userpage" tests="1" failures="0" timestamp="2022-03-21T20:53:20 IST" time="3.571" errors="0">
  <testcase name="checkuser" time="3.571" classname="testng.Userpage"/>
  <system-out/>
</testsuite> <!-- testng.Userpage -->
