<?xml version="1.0" encoding="UTF-8"?>
<!-- Generated by org.testng.reporters.JUnitReportReporter -->
<testsuite skipped="0" hostname="gatmayt" name="Dashboardpageslink" tests="1" failures="0" timestamp="2022-03-15T21:13:50 IST" time="3.721" errors="0">
  <testcase name="m1" time="3.721" classname="Dashboardpageslink"/>
  <system-out/>
</testsuite> <!-- Dashboardpageslink -->
