<?xml version="1.0" encoding="UTF-8"?>
<!-- Generated by org.testng.reporters.JUnitReportReporter -->
<testsuite skipped="0" hostname="gatmayt" name="testng.Dashboardpageslink" tests="1" failures="0" timestamp="2022-03-21T20:53:20 IST" time="3.480" errors="0">
  <testcase name="m1" time="3.480" classname="testng.Dashboardpageslink"/>
  <system-out/>
</testsuite> <!-- testng.Dashboardpageslink -->
