<?xml version="1.0" encoding="UTF-8"?>
<!-- Generated by org.testng.reporters.JUnitReportReporter -->
<testsuite skipped="0" hostname="gatmayt" name="DATAprovider" tests="2" failures="0" timestamp="2022-03-15T21:14:54 IST" time="4.895" errors="0">
  <testcase name="f" time="3.143" classname="DATAprovider"/>
  <system-out/>
  <testcase name="f" time="1.752" classname="DATAprovider"/>
  <system-out/>
</testsuite> <!-- DATAprovider -->
