<?xml version="1.0" encoding="UTF-8"?>
<!-- Generated by org.testng.reporters.JUnitReportReporter -->
<testsuite skipped="0" hostname="gatmayt" name="testng.Dataproviderwidselenium" tests="3" failures="0" timestamp="2022-03-23T21:40:46 IST" time="9.397" errors="0">
  <testcase name="f" time="2.864" classname="testng.Dataproviderwidselenium"/>
  <system-out/>
  <testcase name="f" time="4.418" classname="testng.Dataproviderwidselenium"/>
  <system-out/>
  <testcase name="f" time="2.115" classname="testng.Dataproviderwidselenium"/>
  <system-out/>
</testsuite> <!-- testng.Dataproviderwidselenium -->
