<?xml version="1.0" encoding="UTF-8"?>
<!-- Generated by org.testng.reporters.JUnitReportReporter -->
<testsuite skipped="0" hostname="gatmayt" name="Dashboard" tests="1" failures="0" timestamp="2022-03-15T21:12:32 IST" time="2.836" errors="0">
  <testcase name="check5" time="2.836" classname="Dashboard"/>
  <system-out/>
</testsuite> <!-- Dashboard -->
