<?xml version="1.0" encoding="UTF-8"?>
<!-- Generated by org.testng.reporters.JUnitReportReporter -->
<testsuite skipped="0" hostname="gatmayt" name="TestngAnnotationDemo" tests="2" failures="0" timestamp="2022-03-21T20:26:45 IST" time="0.013" errors="0">
  <testcase name="test01" time="0.012" classname="TestngAnnotationDemo"/>
  <system-out/>
  <testcase name="test02" time="0.001" classname="TestngAnnotationDemo"/>
  <system-out/>
</testsuite> <!-- TestngAnnotationDemo -->
