<?xml version="1.0" encoding="UTF-8"?>
<!-- Generated by org.testng.reporters.JUnitReportReporter -->
<testsuite skipped="1" hostname="gatmayt" name="advanceselenium.Demotest2" tests="3" failures="0" timestamp="2022-03-09T16:28:35 IST" time="0.016" errors="0">
  <testcase name="m3" time="0.001" classname="advanceselenium.Demotest2">
    <skipped/>
  </testcase> <!-- m3 -->
  <system-out/>
  <testcase name="m1" time="0.013" classname="advanceselenium.Demotest2"/>
  <system-out/>
  <testcase name="m2" time="0.002" classname="advanceselenium.Demotest2"/>
  <system-out/>
</testsuite> <!-- advanceselenium.Demotest2 -->
