<?xml version="1.0" encoding="UTF-8"?>
<!-- Generated by org.testng.reporters.JUnitReportReporter -->
<testsuite hostname="gatmayt" failures="0" tests="3" name="advanceselenium.SeleniumTestDemo" time="0.022" errors="0" timestamp="2022-02-12T16:53:26 IST" skipped="1">
  <testcase classname="advanceselenium.SeleniumTestDemo" name="m2" time="0.002"/>
  <system-out/>
  <testcase classname="advanceselenium.SeleniumTestDemo" name="m3" time="0.002">
    <skipped/>
  </testcase> <!-- m3 -->
  <system-out/>
  <testcase classname="advanceselenium.SeleniumTestDemo" name="m1" time="0.018"/>
  <system-out/>
</testsuite> <!-- advanceselenium.SeleniumTestDemo -->
