<?xml version="1.0" encoding="UTF-8"?>
<!-- Generated by org.testng.reporters.JUnitReportReporter -->
<testsuite skipped="1" hostname="gatmayt" name="advanceselenium.Demotest1" tests="3" failures="0" timestamp="2022-03-09T16:24:53 IST" time="0.014" errors="0">
  <testcase name="m1" time="0.012" classname="advanceselenium.Demotest1"/>
  <system-out/>
  <testcase name="m3" time="0.001" classname="advanceselenium.Demotest1">
    <skipped/>
  </testcase> <!-- m3 -->
  <system-out/>
  <testcase name="m2" time="0.001" classname="advanceselenium.Demotest1"/>
  <system-out/>
</testsuite> <!-- advanceselenium.Demotest1 -->
