<?xml version="1.0" encoding="UTF-8"?>
<!-- Generated by org.testng.reporters.JUnitReportReporter -->
<testsuite skipped="0" hostname="gatmayt" name="com.maventests.Demotest" tests="1" failures="0" timestamp="19 Feb 2022 10:39:37 GMT" time="0.016" errors="0">
  <testcase name="test" time="0.016" classname="com.maventests.Demotest"/>
</testsuite> <!-- com.maventests.Demotest -->
