<?xml version="1.0" encoding="UTF-8"?>
<!-- Generated by org.testng.reporters.JUnitReportReporter -->
<testsuite skipped="0" hostname="gatmayt" name="pomexample.LoginTest1" tests="1" failures="0" timestamp="27 Feb 2022 04:43:21 GMT" time="4.461" errors="0">
  <testcase name="loginTest" time="4.461" classname="pomexample.LoginTest1"/>
</testsuite> <!-- pomexample.LoginTest1 -->
