<?xml version="1.0" encoding="UTF-8"?>
<!-- Generated by org.testng.reporters.JUnitReportReporter -->
<testsuite skipped="0" hostname="gatmayt" name="com.maventests.Dashboard" tests="1" failures="0" timestamp="11 Mar 2022 03:54:12 GMT" time="0.015" errors="0">
  <testcase name="test02" time="0.015" classname="com.maventests.Dashboard"/>
</testsuite> <!-- com.maventests.Dashboard -->
